<?xml version="1.0" encoding="UTF-8"?>
<testng-results ignored="0" total="15" passed="14" failed="1" skipped="0">
  <reporter-output>
  </reporter-output>
  <suite started-at="2024-05-24T14:17:34 IST" name="Suite" finished-at="2024-05-24T14:21:31 IST" duration-ms="237506">
    <groups>
    </groups>
    <test started-at="2024-05-24T14:17:34 IST" name="Test" finished-at="2024-05-24T14:21:31 IST" duration-ms="237506">
      <class name="tests.LoginTest">
        <test-method is-config="true" signature="beforeSuite()[pri:0, instance:tests.LoginTest@191ae03f]" started-at="2024-05-24T14:17:34 IST" name="beforeSuite" finished-at="2024-05-24T14:17:34 IST" duration-ms="205" status="PASS">
          <reporter-output>
          </reporter-output>
        </test-method> <!-- beforeSuite -->
        <test-method is-config="true" signature="setUp()[pri:0, instance:tests.LoginTest@191ae03f]" started-at="2024-05-24T14:17:35 IST" name="setUp" finished-at="2024-05-24T14:17:39 IST" duration-ms="3972" status="PASS">
          <reporter-output>
          </reporter-output>
        </test-method> <!-- setUp -->
        <test-method signature="testLogin(java.lang.String)[pri:0, instance:tests.LoginTest@191ae03f]" started-at="2024-05-24T14:17:39 IST" name="testLogin" data-provider="testdata" finished-at="2024-05-24T14:17:51 IST" duration-ms="12556" status="PASS">
          <params>
            <param index="0">
              <value>
                <![CDATA[9336388567]]>
              </value>
            </param>
          </params>
          <reporter-output>
          </reporter-output>
        </test-method> <!-- testLogin -->
        <test-method is-config="true" signature="tearDown(org.testng.ITestResult)[pri:0, instance:tests.LoginTest@191ae03f]" started-at="2024-05-24T14:17:51 IST" name="tearDown" finished-at="2024-05-24T14:17:51 IST" duration-ms="9" status="PASS">
          <params>
            <param index="0">
              <value>
                <![CDATA[[TestResult name=testLogin status=SUCCESS method=LoginTest.testLogin(java.lang.String)[pri:0, instance:tests.LoginTest@191ae03f] output={null}]]]>
              </value>
            </param>
          </params>
          <reporter-output>
          </reporter-output>
        </test-method> <!-- tearDown -->
        <test-method is-config="true" signature="tearDown()[pri:0, instance:tests.LoginTest@191ae03f]" started-at="2024-05-24T14:17:51 IST" name="tearDown" finished-at="2024-05-24T14:17:53 IST" duration-ms="1641" status="PASS">
          <reporter-output>
          </reporter-output>
        </test-method> <!-- tearDown -->
        <test-method is-config="true" signature="afterSuite()[pri:0, instance:tests.LoginTest@191ae03f]" started-at="2024-05-24T14:21:31 IST" name="afterSuite" finished-at="2024-05-24T14:21:32 IST" duration-ms="360" status="PASS">
          <reporter-output>
          </reporter-output>
        </test-method> <!-- afterSuite -->
      </class> <!-- tests.LoginTest -->
      <class name="tests.TestScenario4">
        <test-method is-config="true" signature="setUp()[pri:0, instance:tests.TestScenario4@2b58f754]" started-at="2024-05-24T14:19:13 IST" name="setUp" finished-at="2024-05-24T14:19:16 IST" duration-ms="3434" status="PASS">
          <reporter-output>
          </reporter-output>
        </test-method> <!-- setUp -->
        <test-method signature="testBackToTome()[pri:0, instance:tests.TestScenario4@2b58f754]" started-at="2024-05-24T14:19:16 IST" name="testBackToTome" finished-at="2024-05-24T14:19:28 IST" duration-ms="11928" status="PASS">
          <reporter-output>
          </reporter-output>
        </test-method> <!-- testBackToTome -->
        <test-method is-config="true" signature="tearDown(org.testng.ITestResult)[pri:0, instance:tests.TestScenario4@2b58f754]" started-at="2024-05-24T14:19:28 IST" name="tearDown" finished-at="2024-05-24T14:19:28 IST" duration-ms="0" status="PASS">
          <params>
            <param index="0">
              <value>
                <![CDATA[[TestResult name=testBackToTome status=SUCCESS method=TestScenario4.testBackToTome()[pri:0, instance:tests.TestScenario4@2b58f754] output={null}]]]>
              </value>
            </param>
          </params>
          <reporter-output>
          </reporter-output>
        </test-method> <!-- tearDown -->
        <test-method is-config="true" signature="tearDown()[pri:0, instance:tests.TestScenario4@2b58f754]" started-at="2024-05-24T14:19:28 IST" name="tearDown" finished-at="2024-05-24T14:19:29 IST" duration-ms="1496" status="PASS">
          <reporter-output>
          </reporter-output>
        </test-method> <!-- tearDown -->
        <test-method is-config="true" signature="setUp()[pri:0, instance:tests.TestScenario4@2b58f754]" started-at="2024-05-24T14:19:29 IST" name="setUp" finished-at="2024-05-24T14:19:32 IST" duration-ms="2802" status="PASS">
          <reporter-output>
          </reporter-output>
        </test-method> <!-- setUp -->
        <test-method signature="testCancellation()[pri:0, instance:tests.TestScenario4@2b58f754]" started-at="2024-05-24T14:19:32 IST" name="testCancellation" finished-at="2024-05-24T14:19:42 IST" duration-ms="9762" status="PASS">
          <reporter-output>
          </reporter-output>
        </test-method> <!-- testCancellation -->
        <test-method is-config="true" signature="tearDown(org.testng.ITestResult)[pri:0, instance:tests.TestScenario4@2b58f754]" started-at="2024-05-24T14:19:42 IST" name="tearDown" finished-at="2024-05-24T14:19:42 IST" duration-ms="1" status="PASS">
          <params>
            <param index="0">
              <value>
                <![CDATA[[TestResult name=testCancellation status=SUCCESS method=TestScenario4.testCancellation()[pri:0, instance:tests.TestScenario4@2b58f754] output={null}]]]>
              </value>
            </param>
          </params>
          <reporter-output>
          </reporter-output>
        </test-method> <!-- tearDown -->
        <test-method is-config="true" signature="tearDown()[pri:0, instance:tests.TestScenario4@2b58f754]" started-at="2024-05-24T14:19:42 IST" name="tearDown" finished-at="2024-05-24T14:19:44 IST" duration-ms="1676" status="PASS">
          <reporter-output>
          </reporter-output>
        </test-method> <!-- tearDown -->
        <test-method is-config="true" signature="setUp()[pri:0, instance:tests.TestScenario4@2b58f754]" started-at="2024-05-24T14:19:44 IST" name="setUp" finished-at="2024-05-24T14:19:47 IST" duration-ms="2827" status="PASS">
          <reporter-output>
          </reporter-output>
        </test-method> <!-- setUp -->
        <test-method signature="testClearTrip()[pri:0, instance:tests.TestScenario4@2b58f754]" started-at="2024-05-24T14:19:47 IST" name="testClearTrip" finished-at="2024-05-24T14:19:51 IST" duration-ms="4654" status="PASS">
          <reporter-output>
          </reporter-output>
        </test-method> <!-- testClearTrip -->
        <test-method is-config="true" signature="tearDown(org.testng.ITestResult)[pri:0, instance:tests.TestScenario4@2b58f754]" started-at="2024-05-24T14:19:51 IST" name="tearDown" finished-at="2024-05-24T14:19:51 IST" duration-ms="0" status="PASS">
          <params>
            <param index="0">
              <value>
                <![CDATA[[TestResult name=testClearTrip status=SUCCESS method=TestScenario4.testClearTrip()[pri:0, instance:tests.TestScenario4@2b58f754] output={null}]]]>
              </value>
            </param>
          </params>
          <reporter-output>
          </reporter-output>
        </test-method> <!-- tearDown -->
        <test-method is-config="true" signature="tearDown()[pri:0, instance:tests.TestScenario4@2b58f754]" started-at="2024-05-24T14:19:51 IST" name="tearDown" finished-at="2024-05-24T14:19:53 IST" duration-ms="1429" status="PASS">
          <reporter-output>
          </reporter-output>
        </test-method> <!-- tearDown -->
        <test-method is-config="true" signature="setUp()[pri:0, instance:tests.TestScenario4@2b58f754]" started-at="2024-05-24T14:19:53 IST" name="setUp" finished-at="2024-05-24T14:19:56 IST" duration-ms="2959" status="PASS">
          <reporter-output>
          </reporter-output>
        </test-method> <!-- setUp -->
        <test-method signature="testGiftCards()[pri:0, instance:tests.TestScenario4@2b58f754]" started-at="2024-05-24T14:19:56 IST" name="testGiftCards" finished-at="2024-05-24T14:20:03 IST" duration-ms="7094" status="PASS">
          <reporter-output>
          </reporter-output>
        </test-method> <!-- testGiftCards -->
        <test-method is-config="true" signature="tearDown()[pri:0, instance:tests.TestScenario4@2b58f754]" started-at="2024-05-24T14:20:03 IST" name="tearDown" finished-at="2024-05-24T14:20:04 IST" duration-ms="1479" status="PASS">
          <reporter-output>
          </reporter-output>
        </test-method> <!-- tearDown -->
        <test-method is-config="true" signature="tearDown(org.testng.ITestResult)[pri:0, instance:tests.TestScenario4@2b58f754]" started-at="2024-05-24T14:20:03 IST" name="tearDown" finished-at="2024-05-24T14:20:03 IST" duration-ms="0" status="PASS">
          <params>
            <param index="0">
              <value>
                <![CDATA[[TestResult name=testGiftCards status=SUCCESS method=TestScenario4.testGiftCards()[pri:0, instance:tests.TestScenario4@2b58f754] output={null}]]]>
              </value>
            </param>
          </params>
          <reporter-output>
          </reporter-output>
        </test-method> <!-- tearDown -->
        <test-method is-config="true" signature="setUp()[pri:0, instance:tests.TestScenario4@2b58f754]" started-at="2024-05-24T14:20:04 IST" name="setUp" finished-at="2024-05-24T14:20:07 IST" duration-ms="2940" status="PASS">
          <reporter-output>
          </reporter-output>
        </test-method> <!-- setUp -->
        <test-method signature="testSearch(java.lang.String)[pri:0, instance:tests.TestScenario4@2b58f754]" started-at="2024-05-24T14:20:07 IST" name="testSearch" data-provider="testdata" finished-at="2024-05-24T14:20:16 IST" duration-ms="9216" status="PASS">
          <params>
            <param index="0">
              <value>
                <![CDATA[iphone]]>
              </value>
            </param>
          </params>
          <reporter-output>
          </reporter-output>
        </test-method> <!-- testSearch -->
        <test-method is-config="true" signature="tearDown()[pri:0, instance:tests.TestScenario4@2b58f754]" started-at="2024-05-24T14:20:16 IST" name="tearDown" finished-at="2024-05-24T14:20:18 IST" duration-ms="1551" status="PASS">
          <reporter-output>
          </reporter-output>
        </test-method> <!-- tearDown -->
        <test-method is-config="true" signature="tearDown(org.testng.ITestResult)[pri:0, instance:tests.TestScenario4@2b58f754]" started-at="2024-05-24T14:20:16 IST" name="tearDown" finished-at="2024-05-24T14:20:16 IST" duration-ms="0" status="PASS">
          <params>
            <param index="0">
              <value>
                <![CDATA[[TestResult name=testSearch status=SUCCESS method=TestScenario4.testSearch(java.lang.String)[pri:0, instance:tests.TestScenario4@2b58f754] output={null}]]]>
              </value>
            </param>
          </params>
          <reporter-output>
          </reporter-output>
        </test-method> <!-- tearDown -->
      </class> <!-- tests.TestScenario4 -->
      <class name="tests.SearchProduct">
        <test-method is-config="true" signature="setUp()[pri:0, instance:tests.SearchProduct@3ebff828]" started-at="2024-05-24T14:20:18 IST" name="setUp" finished-at="2024-05-24T14:20:21 IST" duration-ms="2558" status="PASS">
          <reporter-output>
          </reporter-output>
        </test-method> <!-- setUp -->
        <test-method signature="testSearch(java.lang.String)[pri:0, instance:tests.SearchProduct@3ebff828]" started-at="2024-05-24T14:20:21 IST" name="testSearch" data-provider="testdata" finished-at="2024-05-24T14:20:34 IST" duration-ms="13393" status="PASS">
          <params>
            <param index="0">
              <value>
                <![CDATA[iphone]]>
              </value>
            </param>
          </params>
          <reporter-output>
          </reporter-output>
        </test-method> <!-- testSearch -->
        <test-method is-config="true" signature="tearDown(org.testng.ITestResult)[pri:0, instance:tests.SearchProduct@3ebff828]" started-at="2024-05-24T14:20:34 IST" name="tearDown" finished-at="2024-05-24T14:20:34 IST" duration-ms="0" status="PASS">
          <params>
            <param index="0">
              <value>
                <![CDATA[[TestResult name=testSearch status=SUCCESS method=SearchProduct.testSearch(java.lang.String)[pri:0, instance:tests.SearchProduct@3ebff828] output={null}]]]>
              </value>
            </param>
          </params>
          <reporter-output>
          </reporter-output>
        </test-method> <!-- tearDown -->
        <test-method is-config="true" signature="tearDown()[pri:0, instance:tests.SearchProduct@3ebff828]" started-at="2024-05-24T14:20:34 IST" name="tearDown" finished-at="2024-05-24T14:20:35 IST" duration-ms="1223" status="PASS">
          <reporter-output>
          </reporter-output>
        </test-method> <!-- tearDown -->
      </class> <!-- tests.SearchProduct -->
      <class name="tests.ViewCartTest">
        <test-method is-config="true" signature="setUp()[pri:0, instance:tests.ViewCartTest@5f2606b]" started-at="2024-05-24T14:19:01 IST" name="setUp" finished-at="2024-05-24T14:19:03 IST" duration-ms="2585" status="PASS">
          <reporter-output>
          </reporter-output>
        </test-method> <!-- setUp -->
        <test-method signature="testViewCartPage()[pri:0, instance:tests.ViewCartTest@5f2606b]" started-at="2024-05-24T14:19:03 IST" name="testViewCartPage" finished-at="2024-05-24T14:19:11 IST" duration-ms="7902" status="PASS">
          <reporter-output>
          </reporter-output>
        </test-method> <!-- testViewCartPage -->
        <test-method is-config="true" signature="tearDown(org.testng.ITestResult)[pri:0, instance:tests.ViewCartTest@5f2606b]" started-at="2024-05-24T14:19:11 IST" name="tearDown" finished-at="2024-05-24T14:19:11 IST" duration-ms="0" status="PASS">
          <params>
            <param index="0">
              <value>
                <![CDATA[[TestResult name=testViewCartPage status=SUCCESS method=ViewCartTest.testViewCartPage()[pri:0, instance:tests.ViewCartTest@5f2606b] output={null}]]]>
              </value>
            </param>
          </params>
          <reporter-output>
          </reporter-output>
        </test-method> <!-- tearDown -->
        <test-method is-config="true" signature="tearDown()[pri:0, instance:tests.ViewCartTest@5f2606b]" started-at="2024-05-24T14:19:11 IST" name="tearDown" finished-at="2024-05-24T14:19:13 IST" duration-ms="1542" status="PASS">
          <reporter-output>
          </reporter-output>
        </test-method> <!-- tearDown -->
      </class> <!-- tests.ViewCartTest -->
      <class name="tests.MobilePageTest">
        <test-method is-config="true" signature="setUp()[pri:0, instance:tests.MobilePageTest@1d71006f]" started-at="2024-05-24T14:18:38 IST" name="setUp" finished-at="2024-05-24T14:18:40 IST" duration-ms="2846" status="PASS">
          <reporter-output>
          </reporter-output>
        </test-method> <!-- setUp -->
        <test-method signature="testMobilePage()[pri:0, instance:tests.MobilePageTest@1d71006f]" started-at="2024-05-24T14:18:40 IST" name="testMobilePage" finished-at="2024-05-24T14:18:48 IST" duration-ms="7722" status="PASS">
          <reporter-output>
          </reporter-output>
        </test-method> <!-- testMobilePage -->
        <test-method is-config="true" signature="tearDown(org.testng.ITestResult)[pri:0, instance:tests.MobilePageTest@1d71006f]" started-at="2024-05-24T14:18:48 IST" name="tearDown" finished-at="2024-05-24T14:18:48 IST" duration-ms="1" status="PASS">
          <params>
            <param index="0">
              <value>
                <![CDATA[[TestResult name=testMobilePage status=SUCCESS method=MobilePageTest.testMobilePage()[pri:0, instance:tests.MobilePageTest@1d71006f] output={null}]]]>
              </value>
            </param>
          </params>
          <reporter-output>
          </reporter-output>
        </test-method> <!-- tearDown -->
        <test-method is-config="true" signature="tearDown()[pri:0, instance:tests.MobilePageTest@1d71006f]" started-at="2024-05-24T14:18:48 IST" name="tearDown" finished-at="2024-05-24T14:18:51 IST" duration-ms="2581" status="PASS">
          <reporter-output>
          </reporter-output>
        </test-method> <!-- tearDown -->
      </class> <!-- tests.MobilePageTest -->
      <class name="tests.SellerTestPage">
        <test-method is-config="true" signature="setUp()[pri:0, instance:tests.SellerTestPage@5f3b9c57]" started-at="2024-05-24T14:20:35 IST" name="setUp" finished-at="2024-05-24T14:20:38 IST" duration-ms="3147" status="PASS">
          <reporter-output>
          </reporter-output>
        </test-method> <!-- setUp -->
        <test-method signature="testSellerPage()[pri:5, instance:tests.SellerTestPage@5f3b9c57]" started-at="2024-05-24T14:20:38 IST" name="testSellerPage" finished-at="2024-05-24T14:21:01 IST" duration-ms="23141" status="PASS">
          <reporter-output>
          </reporter-output>
        </test-method> <!-- testSellerPage -->
        <test-method is-config="true" signature="tearDown()[pri:0, instance:tests.SellerTestPage@5f3b9c57]" started-at="2024-05-24T14:21:01 IST" name="tearDown" finished-at="2024-05-24T14:21:04 IST" duration-ms="2522" status="PASS">
          <reporter-output>
          </reporter-output>
        </test-method> <!-- tearDown -->
      </class> <!-- tests.SellerTestPage -->
      <class name="tests.SignupTest">
        <test-method is-config="true" signature="setUp()[pri:0, instance:tests.SignupTest@5b6813df]" started-at="2024-05-24T14:18:51 IST" name="setUp" finished-at="2024-05-24T14:18:53 IST" duration-ms="2778" status="PASS">
          <reporter-output>
          </reporter-output>
        </test-method> <!-- setUp -->
        <test-method signature="testSignUp()[pri:0, instance:tests.SignupTest@5b6813df]" started-at="2024-05-24T14:18:53 IST" name="testSignUp" finished-at="2024-05-24T14:18:59 IST" duration-ms="5830" status="PASS">
          <reporter-output>
          </reporter-output>
        </test-method> <!-- testSignUp -->
        <test-method is-config="true" signature="tearDown()[pri:0, instance:tests.SignupTest@5b6813df]" started-at="2024-05-24T14:18:59 IST" name="tearDown" finished-at="2024-05-24T14:19:01 IST" duration-ms="1322" status="PASS">
          <reporter-output>
          </reporter-output>
        </test-method> <!-- tearDown -->
        <test-method is-config="true" signature="tearDown(org.testng.ITestResult)[pri:0, instance:tests.SignupTest@5b6813df]" started-at="2024-05-24T14:18:59 IST" name="tearDown" finished-at="2024-05-24T14:18:59 IST" duration-ms="0" status="PASS">
          <params>
            <param index="0">
              <value>
                <![CDATA[[TestResult name=testSignUp status=SUCCESS method=SignupTest.testSignUp()[pri:0, instance:tests.SignupTest@5b6813df] output={null}]]]>
              </value>
            </param>
          </params>
          <reporter-output>
          </reporter-output>
        </test-method> <!-- tearDown -->
      </class> <!-- tests.SignupTest -->
      <class name="tests.GroceryTestPage">
        <test-method is-config="true" signature="setUp()[pri:0, instance:tests.GroceryTestPage@62679465]" started-at="2024-05-24T14:17:53 IST" name="setUp" finished-at="2024-05-24T14:17:55 IST" duration-ms="2716" status="PASS">
          <reporter-output>
          </reporter-output>
        </test-method> <!-- setUp -->
        <test-method signature="testGroceryPage()[pri:0, instance:tests.GroceryTestPage@62679465]" started-at="2024-05-24T14:17:55 IST" name="testGroceryPage" finished-at="2024-05-24T14:18:09 IST" duration-ms="13715" status="PASS">
          <reporter-output>
          </reporter-output>
        </test-method> <!-- testGroceryPage -->
        <test-method is-config="true" signature="tearDown()[pri:0, instance:tests.GroceryTestPage@62679465]" started-at="2024-05-24T14:18:09 IST" name="tearDown" finished-at="2024-05-24T14:18:12 IST" duration-ms="2734" status="PASS">
          <reporter-output>
          </reporter-output>
        </test-method> <!-- tearDown -->
        <test-method is-config="true" signature="tearDown(org.testng.ITestResult)[pri:0, instance:tests.GroceryTestPage@62679465]" started-at="2024-05-24T14:18:09 IST" name="tearDown" finished-at="2024-05-24T14:18:09 IST" duration-ms="0" status="PASS">
          <params>
            <param index="0">
              <value>
                <![CDATA[[TestResult name=testGroceryPage status=SUCCESS method=GroceryTestPage.testGroceryPage()[pri:0, instance:tests.GroceryTestPage@62679465] output={null}]]]>
              </value>
            </param>
          </params>
          <reporter-output>
          </reporter-output>
        </test-method> <!-- tearDown -->
      </class> <!-- tests.GroceryTestPage -->
      <class name="tests.TravelTestPage">
        <test-method is-config="true" signature="setUp()[pri:0, instance:tests.TravelTestPage@1e044120]" started-at="2024-05-24T14:21:04 IST" name="setUp" finished-at="2024-05-24T14:21:07 IST" duration-ms="2779" status="PASS">
          <reporter-output>
          </reporter-output>
        </test-method> <!-- setUp -->
        <test-method signature="testTravelPage()[pri:3, instance:tests.TravelTestPage@1e044120]" started-at="2024-05-24T14:21:07 IST" name="testTravelPage" finished-at="2024-05-24T14:21:16 IST" duration-ms="9494" status="PASS">
          <reporter-output>
          </reporter-output>
        </test-method> <!-- testTravelPage -->
        <test-method is-config="true" signature="tearDown()[pri:0, instance:tests.TravelTestPage@1e044120]" started-at="2024-05-24T14:21:16 IST" name="tearDown" finished-at="2024-05-24T14:21:18 IST" duration-ms="1889" status="PASS">
          <reporter-output>
          </reporter-output>
        </test-method> <!-- tearDown -->
      </class> <!-- tests.TravelTestPage -->
      <class name="tests.AddtocartTest">
        <test-method is-config="true" signature="setUp()[pri:0, instance:tests.AddtocartTest@6a988392]" started-at="2024-05-24T14:18:12 IST" name="setUp" finished-at="2024-05-24T14:18:15 IST" duration-ms="2748" status="PASS">
          <reporter-output>
          </reporter-output>
        </test-method> <!-- setUp -->
        <test-method signature="testSearch(java.lang.String)[pri:0, instance:tests.AddtocartTest@6a988392]" started-at="2024-05-24T14:18:15 IST" name="testSearch" data-provider="testdata" finished-at="2024-05-24T14:18:36 IST" duration-ms="20757" status="FAIL">
          <params>
            <param index="0">
              <value>
                <![CDATA[iphone]]>
              </value>
            </param>
          </params>
          <exception class="org.openqa.selenium.NoSuchElementException">
            <message>
              <![CDATA[no such element: Unable to locate element: {"method":"xpath","selector":"//button[@class='QqFHMw vslbG+ In9uk2']"}
  (Session info: chrome=125.0.6422.112)
For documentation on this error, please visit: https://www.selenium.dev/documentation/webdriver/troubleshooting/errors#no-such-element-exception
Build info: version: '4.15.0', revision: '1d14b5521b'
System info: os.name: 'Windows 10', os.arch: 'amd64', os.version: '10.0', java.version: '11.0.5'
Driver info: org.openqa.selenium.chrome.ChromeDriver
Command: [9294f001ddcd59266cb76ae6b16099c4, findElement {using=xpath, value=//button[@class='QqFHMw vslbG+ In9uk2']}]
Capabilities {acceptInsecureCerts: false, browserName: chrome, browserVersion: 125.0.6422.112, chrome: {chromedriverVersion: 125.0.6422.78 (14db42ec38ad..., userDataDir: C:\Users\SHRUTI~1\AppData\L...}, fedcm:accounts: true, goog:chromeOptions: {debuggerAddress: localhost:62408}, networkConnectionEnabled: false, pageLoadStrategy: normal, platformName: windows, proxy: Proxy(), se:cdp: ws://localhost:62408/devtoo..., se:cdpVersion: 125.0.6422.112, setWindowRect: true, strictFileInteractability: false, timeouts: {implicit: 0, pageLoad: 300000, script: 30000}, unhandledPromptBehavior: dismiss and notify, webauthn:extension:credBlob: true, webauthn:extension:largeBlob: true, webauthn:extension:minPinLength: true, webauthn:extension:prf: true, webauthn:virtualAuthenticators: true}
Session ID: 9294f001ddcd59266cb76ae6b16099c4]]>
            </message>
            <full-stacktrace>
              <![CDATA[org.openqa.selenium.NoSuchElementException: no such element: Unable to locate element: {"method":"xpath","selector":"//button[@class='QqFHMw vslbG+ In9uk2']"}
  (Session info: chrome=125.0.6422.112)
For documentation on this error, please visit: https://www.selenium.dev/documentation/webdriver/troubleshooting/errors#no-such-element-exception
Build info: version: '4.15.0', revision: '1d14b5521b'
System info: os.name: 'Windows 10', os.arch: 'amd64', os.version: '10.0', java.version: '11.0.5'
Driver info: org.openqa.selenium.chrome.ChromeDriver
Command: [9294f001ddcd59266cb76ae6b16099c4, findElement {using=xpath, value=//button[@class='QqFHMw vslbG+ In9uk2']}]
Capabilities {acceptInsecureCerts: false, browserName: chrome, browserVersion: 125.0.6422.112, chrome: {chromedriverVersion: 125.0.6422.78 (14db42ec38ad..., userDataDir: C:\Users\SHRUTI~1\AppData\L...}, fedcm:accounts: true, goog:chromeOptions: {debuggerAddress: localhost:62408}, networkConnectionEnabled: false, pageLoadStrategy: normal, platformName: windows, proxy: Proxy(), se:cdp: ws://localhost:62408/devtoo..., se:cdpVersion: 125.0.6422.112, setWindowRect: true, strictFileInteractability: false, timeouts: {implicit: 0, pageLoad: 300000, script: 30000}, unhandledPromptBehavior: dismiss and notify, webauthn:extension:credBlob: true, webauthn:extension:largeBlob: true, webauthn:extension:minPinLength: true, webauthn:extension:prf: true, webauthn:virtualAuthenticators: true}
Session ID: 9294f001ddcd59266cb76ae6b16099c4
at java.base/jdk.internal.reflect.NativeConstructorAccessorImpl.newInstance0(Native Method)
at java.base/jdk.internal.reflect.NativeConstructorAccessorImpl.newInstance(NativeConstructorAccessorImpl.java:62)
at java.base/jdk.internal.reflect.DelegatingConstructorAccessorImpl.newInstance(DelegatingConstructorAccessorImpl.java:45)
at java.base/java.lang.reflect.Constructor.newInstance(Constructor.java:490)
at org.openqa.selenium.remote.codec.w3c.W3CHttpResponseCodec.createException(W3CHttpResponseCodec.java:200)
at org.openqa.selenium.remote.codec.w3c.W3CHttpResponseCodec.decode(W3CHttpResponseCodec.java:133)
at org.openqa.selenium.remote.codec.w3c.W3CHttpResponseCodec.decode(W3CHttpResponseCodec.java:52)
at org.openqa.selenium.remote.HttpCommandExecutor.execute(HttpCommandExecutor.java:191)
at org.openqa.selenium.remote.service.DriverCommandExecutor.invokeExecute(DriverCommandExecutor.java:200)
at org.openqa.selenium.remote.service.DriverCommandExecutor.execute(DriverCommandExecutor.java:175)
at org.openqa.selenium.remote.RemoteWebDriver.execute(RemoteWebDriver.java:607)
at org.openqa.selenium.remote.ElementLocation$ElementFinder$2.findElement(ElementLocation.java:165)
at org.openqa.selenium.remote.ElementLocation.findElement(ElementLocation.java:59)
at org.openqa.selenium.remote.RemoteWebDriver.findElement(RemoteWebDriver.java:364)
at org.openqa.selenium.remote.RemoteWebDriver.findElement(RemoteWebDriver.java:358)
at org.openqa.selenium.support.pagefactory.DefaultElementLocator.findElement(DefaultElementLocator.java:68)
at org.openqa.selenium.support.pagefactory.internal.LocatingElementHandler.invoke(LocatingElementHandler.java:38)
at com.sun.proxy.$Proxy29.click(Unknown Source)
at Pages.AddtoCart.getAddToCartButton(AddtoCart.java:55)
at tests.AddtocartTest.testSearch(AddtocartTest.java:47)
at java.base/jdk.internal.reflect.NativeMethodAccessorImpl.invoke0(Native Method)
at java.base/jdk.internal.reflect.NativeMethodAccessorImpl.invoke(NativeMethodAccessorImpl.java:62)
at java.base/jdk.internal.reflect.DelegatingMethodAccessorImpl.invoke(DelegatingMethodAccessorImpl.java:43)
at java.base/java.lang.reflect.Method.invoke(Method.java:566)
at org.testng.internal.invokers.MethodInvocationHelper.invokeMethod(MethodInvocationHelper.java:139)
at org.testng.internal.invokers.TestInvoker.invokeMethod(TestInvoker.java:664)
at org.testng.internal.invokers.TestInvoker.invokeTestMethod(TestInvoker.java:228)
at org.testng.internal.invokers.MethodRunner.runInSequence(MethodRunner.java:63)
at org.testng.internal.invokers.TestInvoker$MethodInvocationAgent.invoke(TestInvoker.java:961)
at org.testng.internal.invokers.TestInvoker.invokeTestMethods(TestInvoker.java:201)
at org.testng.internal.invokers.TestMethodWorker.invokeTestMethods(TestMethodWorker.java:148)
at org.testng.internal.invokers.TestMethodWorker.run(TestMethodWorker.java:128)
at java.base/java.util.ArrayList.forEach(ArrayList.java:1540)
at org.testng.TestRunner.privateRun(TestRunner.java:819)
at org.testng.TestRunner.run(TestRunner.java:619)
at org.testng.SuiteRunner.runTest(SuiteRunner.java:443)
at org.testng.SuiteRunner.runSequentially(SuiteRunner.java:437)
at org.testng.SuiteRunner.privateRun(SuiteRunner.java:397)
at org.testng.SuiteRunner.run(SuiteRunner.java:336)
at org.testng.SuiteRunnerWorker.runSuite(SuiteRunnerWorker.java:52)
at org.testng.SuiteRunnerWorker.run(SuiteRunnerWorker.java:95)
at org.testng.TestNG.runSuitesSequentially(TestNG.java:1301)
at org.testng.TestNG.runSuitesLocally(TestNG.java:1228)
at org.testng.TestNG.runSuites(TestNG.java:1134)
at org.testng.TestNG.run(TestNG.java:1101)
at org.apache.maven.surefire.testng.TestNGExecutor.run(TestNGExecutor.java:283)
at org.apache.maven.surefire.testng.TestNGXmlTestSuite.execute(TestNGXmlTestSuite.java:75)
at org.apache.maven.surefire.testng.TestNGProvider.invoke(TestNGProvider.java:120)
at org.apache.maven.surefire.booter.ForkedBooter.invokeProviderInSameClassLoader(ForkedBooter.java:384)
at org.apache.maven.surefire.booter.ForkedBooter.runSuitesInProcess(ForkedBooter.java:345)
at org.apache.maven.surefire.booter.ForkedBooter.execute(ForkedBooter.java:126)
at org.apache.maven.surefire.booter.ForkedBooter.main(ForkedBooter.java:418)
]]>
            </full-stacktrace>
          </exception> <!-- org.openqa.selenium.NoSuchElementException -->
          <reporter-output>
          </reporter-output>
        </test-method> <!-- testSearch -->
        <test-method is-config="true" signature="tearDown(org.testng.ITestResult)[pri:0, instance:tests.AddtocartTest@6a988392]" started-at="2024-05-24T14:18:36 IST" name="tearDown" finished-at="2024-05-24T14:18:36 IST" duration-ms="342" status="PASS">
          <params>
            <param index="0">
              <value>
                <![CDATA[[TestResult name=testSearch status=FAILURE method=AddtocartTest.testSearch(java.lang.String)[pri:0, instance:tests.AddtocartTest@6a988392] output={null}]]]>
              </value>
            </param>
          </params>
          <reporter-output>
          </reporter-output>
        </test-method> <!-- tearDown -->
        <test-method is-config="true" signature="tearDown()[pri:0, instance:tests.AddtocartTest@6a988392]" started-at="2024-05-24T14:18:36 IST" name="tearDown" finished-at="2024-05-24T14:18:38 IST" duration-ms="1652" status="PASS">
          <reporter-output>
          </reporter-output>
        </test-method> <!-- tearDown -->
      </class> <!-- tests.AddtocartTest -->
      <class name="tests.AppliancesTestPage">
        <test-method is-config="true" signature="setUp()[pri:0, instance:tests.AppliancesTestPage@2cf23c81]" started-at="2024-05-24T14:21:18 IST" name="setUp" finished-at="2024-05-24T14:21:21 IST" duration-ms="2851" status="PASS">
          <reporter-output>
          </reporter-output>
        </test-method> <!-- setUp -->
        <test-method signature="testAppliancesPage()[pri:0, instance:tests.AppliancesTestPage@2cf23c81]" started-at="2024-05-24T14:21:21 IST" name="testAppliancesPage" finished-at="2024-05-24T14:21:30 IST" duration-ms="9012" status="PASS">
          <reporter-output>
          </reporter-output>
        </test-method> <!-- testAppliancesPage -->
        <test-method is-config="true" signature="tearDown(org.testng.ITestResult)[pri:0, instance:tests.AppliancesTestPage@2cf23c81]" started-at="2024-05-24T14:21:30 IST" name="tearDown" finished-at="2024-05-24T14:21:30 IST" duration-ms="1" status="PASS">
          <params>
            <param index="0">
              <value>
                <![CDATA[[TestResult name=testAppliancesPage status=SUCCESS method=AppliancesTestPage.testAppliancesPage()[pri:0, instance:tests.AppliancesTestPage@2cf23c81] output={null}]]]>
              </value>
            </param>
          </params>
          <reporter-output>
          </reporter-output>
        </test-method> <!-- tearDown -->
        <test-method is-config="true" signature="tearDown()[pri:0, instance:tests.AppliancesTestPage@2cf23c81]" started-at="2024-05-24T14:21:30 IST" name="tearDown" finished-at="2024-05-24T14:21:31 IST" duration-ms="1416" status="PASS">
          <reporter-output>
          </reporter-output>
        </test-method> <!-- tearDown -->
      </class> <!-- tests.AppliancesTestPage -->
    </test> <!-- Test -->
  </suite> <!-- Suite -->
</testng-results>
